<?xml version="1.0" encoding="UTF-8"?>
<coverage generated="1559329070834" clover="3.2.0">
  <project timestamp="1559329070834" name="All files">
    <metrics statements="26" coveredstatements="6" conditionals="13" coveredconditionals="1" methods="14" coveredmethods="3" elements="53" coveredelements="10" complexity="0" loc="26" ncloc="26" packages="1" files="3" classes="3">
      <file name="Carousel.js" path="C:\Users\adelgado\Documents\courses\IntroToReact\AdoptMe\src\Carousel.js">
        <metrics statements="8" coveredstatements="0" conditionals="7" coveredconditionals="0" methods="5" coveredmethods="0"/>
        <line num="10" count="0" type="stmt"/>
        <line num="11" count="0" type="cond" truecount="0" falsecount="5"/>
        <line num="12" count="0" type="stmt"/>
        <line num="14" count="0" type="stmt"/>
        <line num="17" count="0" type="stmt"/>
        <line num="24" count="0" type="stmt"/>
        <line num="25" count="0" type="stmt"/>
        <line num="31" count="0" type="stmt"/>
      </file>
      <file name="Details.js" path="C:\Users\adelgado\Documents\courses\IntroToReact\AdoptMe\src\Details.js">
        <metrics statements="12" coveredstatements="5" conditionals="6" coveredconditionals="1" methods="5" coveredmethods="3"/>
        <line num="6" count="1" type="stmt"/>
        <line num="15" count="2" type="stmt"/>
        <line num="22" count="0" type="cond" truecount="0" falsecount="2"/>
        <line num="23" count="0" type="stmt"/>
        <line num="25" count="0" type="stmt"/>
        <line num="27" count="0" type="stmt"/>
        <line num="39" count="0" type="stmt"/>
        <line num="41" count="1" type="stmt"/>
        <line num="43" count="3" type="cond" truecount="1" falsecount="1"/>
        <line num="44" count="3" type="stmt"/>
        <line num="54" count="0" type="stmt"/>
        <line num="55" count="0" type="stmt"/>
      </file>
      <file name="Modal.js" path="C:\Users\adelgado\Documents\courses\IntroToReact\AdoptMe\src\Modal.js">
        <metrics statements="6" coveredstatements="1" conditionals="0" coveredconditionals="0" methods="4" coveredmethods="0"/>
        <line num="4" count="1" type="stmt"/>
        <line num="8" count="0" type="stmt"/>
        <line num="9" count="0" type="stmt"/>
        <line num="13" count="0" type="stmt"/>
        <line num="17" count="0" type="stmt"/>
        <line num="21" count="0" type="stmt"/>
      </file>
    </metrics>
  </project>
</coverage>
