{"C:\\Users\\adelgado\\Documents\\courses\\IntroToReact\\AdoptMe\\src\\Carousel.js": {"path":"C:\\Users\\adelgado\\Documents\\courses\\IntroToReact\\AdoptMe\\src\\Carousel.js","statementMap":{"0":{"start":{"line":10,"column":17},"end":{"line":10,"column":19}},"1":{"start":{"line":11,"column":4},"end":{"line":13,"column":5}},"2":{"start":{"line":12,"column":6},"end":{"line":12,"column":77}},"3":{"start":{"line":12,"column":52},"end":{"line":12,"column":75}},"4":{"start":{"line":14,"column":4},"end":{"line":14,"column":22}},"5":{"start":{"line":17,"column":4},"end":{"line":20,"column":7}},"6":{"start":{"line":24,"column":31},"end":{"line":24,"column":41}},"7":{"start":{"line":25,"column":4},"end":{"line":42,"column":6}},"8":{"start":{"line":31,"column":12},"end":{"line":38,"column":14}}},"fnMap":{"0":{"name":"(anonymous_0)","decl":{"start":{"line":9,"column":2},"end":{"line":9,"column":3}},"loc":{"start":{"line":9,"column":45},"end":{"line":15,"column":3}},"line":9},"1":{"name":"(anonymous_1)","decl":{"start":{"line":12,"column":41},"end":{"line":12,"column":42}},"loc":{"start":{"line":12,"column":52},"end":{"line":12,"column":75}},"line":12},"2":{"name":"(anonymous_2)","decl":{"start":{"line":16,"column":21},"end":{"line":16,"column":22}},"loc":{"start":{"line":16,"column":32},"end":{"line":21,"column":3}},"line":16},"3":{"name":"(anonymous_3)","decl":{"start":{"line":23,"column":2},"end":{"line":23,"column":3}},"loc":{"start":{"line":23,"column":11},"end":{"line":43,"column":3}},"line":23},"4":{"name":"(anonymous_4)","decl":{"start":{"line":30,"column":22},"end":{"line":30,"column":23}},"loc":{"start":{"line":31,"column":12},"end":{"line":38,"column":14}},"line":31}},"branchMap":{"0":{"loc":{"start":{"line":11,"column":4},"end":{"line":13,"column":5}},"type":"if","locations":[{"start":{"line":11,"column":4},"end":{"line":13,"column":5}},{"start":{"line":11,"column":4},"end":{"line":13,"column":5}}],"line":11},"1":{"loc":{"start":{"line":11,"column":8},"end":{"line":11,"column":51}},"type":"binary-expr","locations":[{"start":{"line":11,"column":8},"end":{"line":11,"column":13}},{"start":{"line":11,"column":17},"end":{"line":11,"column":29}},{"start":{"line":11,"column":33},"end":{"line":11,"column":51}}],"line":11},"2":{"loc":{"start":{"line":36,"column":25},"end":{"line":36,"column":57}},"type":"cond-expr","locations":[{"start":{"line":36,"column":44},"end":{"line":36,"column":52}},{"start":{"line":36,"column":55},"end":{"line":36,"column":57}}],"line":36}},"s":{"0":0,"1":0,"2":0,"3":0,"4":0,"5":0,"6":0,"7":0,"8":0},"f":{"0":0,"1":0,"2":0,"3":0,"4":0},"b":{"0":[0,0],"1":[0,0,0],"2":[0,0]},"_coverageSchema":"332fd63041d2c1bcb487cc26dd0d5f7d97098a6c","hash":"265f45145372fb15fab1886ea1fd715751dbd631"}
,"C:\\Users\\adelgado\\Documents\\courses\\IntroToReact\\AdoptMe\\src\\Details.js": {"path":"C:\\Users\\adelgado\\Documents\\courses\\IntroToReact\\AdoptMe\\src\\Details.js","statementMap":{"0":{"start":{"line":6,"column":18},"end":{"line":9,"column":2}},"1":{"start":{"line":15,"column":4},"end":{"line":39,"column":53}},"2":{"start":{"line":22,"column":8},"end":{"line":26,"column":9}},"3":{"start":{"line":23,"column":10},"end":{"line":23,"column":61}},"4":{"start":{"line":25,"column":10},"end":{"line":25,"column":50}},"5":{"start":{"line":27,"column":8},"end":{"line":37,"column":11}},"6":{"start":{"line":39,"column":22},"end":{"line":39,"column":51}},"7":{"start":{"line":41,"column":22},"end":{"line":41,"column":73}},"8":{"start":{"line":43,"column":4},"end":{"line":45,"column":5}},"9":{"start":{"line":44,"column":6},"end":{"line":44,"column":33}},"10":{"start":{"line":54,"column":8},"end":{"line":54,"column":18}},"11":{"start":{"line":55,"column":4},"end":{"line":74,"column":6}}},"fnMap":{"0":{"name":"(anonymous_0)","decl":{"start":{"line":14,"column":2},"end":{"line":14,"column":3}},"loc":{"start":{"line":14,"column":22},"end":{"line":40,"column":3}},"line":14},"1":{"name":"(anonymous_1)","decl":{"start":{"line":20,"column":12},"end":{"line":20,"column":13}},"loc":{"start":{"line":20,"column":22},"end":{"line":38,"column":7}},"line":20},"2":{"name":"(anonymous_2)","decl":{"start":{"line":39,"column":13},"end":{"line":39,"column":14}},"loc":{"start":{"line":39,"column":22},"end":{"line":39,"column":51}},"line":39},"3":{"name":"(anonymous_3)","decl":{"start":{"line":41,"column":16},"end":{"line":41,"column":17}},"loc":{"start":{"line":41,"column":22},"end":{"line":41,"column":73}},"line":41},"4":{"name":"(anonymous_4)","decl":{"start":{"line":42,"column":2},"end":{"line":42,"column":3}},"loc":{"start":{"line":42,"column":11},"end":{"line":75,"column":3}},"line":42}},"branchMap":{"0":{"loc":{"start":{"line":22,"column":8},"end":{"line":26,"column":9}},"type":"if","locations":[{"start":{"line":22,"column":8},"end":{"line":26,"column":9}},{"start":{"line":22,"column":8},"end":{"line":26,"column":9}}],"line":22},"1":{"loc":{"start":{"line":43,"column":4},"end":{"line":45,"column":5}},"type":"if","locations":[{"start":{"line":43,"column":4},"end":{"line":45,"column":5}},{"start":{"line":43,"column":4},"end":{"line":45,"column":5}}],"line":43},"2":{"loc":{"start":{"line":63,"column":11},"end":{"line":71,"column":18}},"type":"cond-expr","locations":[{"start":{"line":64,"column":12},"end":{"line":70,"column":20}},{"start":{"line":71,"column":14},"end":{"line":71,"column":18}}],"line":63}},"s":{"0":1,"1":2,"2":0,"3":0,"4":0,"5":0,"6":0,"7":1,"8":3,"9":3,"10":0,"11":0},"f":{"0":2,"1":0,"2":0,"3":1,"4":3},"b":{"0":[0,0],"1":[3,0],"2":[0,0]},"_coverageSchema":"332fd63041d2c1bcb487cc26dd0d5f7d97098a6c","hash":"083fe59dbd0ee52e459fe80dfbcfc4b646999dd8"}
,"C:\\Users\\adelgado\\Documents\\courses\\IntroToReact\\AdoptMe\\src\\Modal.js": {"path":"C:\\Users\\adelgado\\Documents\\courses\\IntroToReact\\AdoptMe\\src\\Modal.js","statementMap":{"0":{"start":{"line":4,"column":18},"end":{"line":4,"column":50}},"1":{"start":{"line":8,"column":4},"end":{"line":8,"column":17}},"2":{"start":{"line":9,"column":4},"end":{"line":9,"column":44}},"3":{"start":{"line":13,"column":4},"end":{"line":13,"column":35}},"4":{"start":{"line":17,"column":4},"end":{"line":17,"column":35}},"5":{"start":{"line":21,"column":4},"end":{"line":21,"column":54}}},"fnMap":{"0":{"name":"(anonymous_0)","decl":{"start":{"line":7,"column":2},"end":{"line":7,"column":3}},"loc":{"start":{"line":7,"column":21},"end":{"line":10,"column":3}},"line":7},"1":{"name":"(anonymous_1)","decl":{"start":{"line":12,"column":2},"end":{"line":12,"column":3}},"loc":{"start":{"line":12,"column":22},"end":{"line":14,"column":3}},"line":12},"2":{"name":"(anonymous_2)","decl":{"start":{"line":16,"column":2},"end":{"line":16,"column":3}},"loc":{"start":{"line":16,"column":25},"end":{"line":18,"column":3}},"line":16},"3":{"name":"(anonymous_3)","decl":{"start":{"line":20,"column":2},"end":{"line":20,"column":3}},"loc":{"start":{"line":20,"column":11},"end":{"line":22,"column":3}},"line":20}},"branchMap":{},"s":{"0":1,"1":0,"2":0,"3":0,"4":0,"5":0},"f":{"0":0,"1":0,"2":0,"3":0},"b":{},"_coverageSchema":"332fd63041d2c1bcb487cc26dd0d5f7d97098a6c","hash":"0a62fd709911108350add54ca0b3f38bfed807c6"}
}
